0 silly argv { _: [ 'version' ], lernaVersion: '4.0.0', '$0': 'lerna' }
1 notice cli v4.0.0
2 verbose rootPath /Users/rayastraus/samples/lerna-poc
3 info current version 0.0.0
4 silly isAnythingCommitted
5 verbose isAnythingCommitted 1
6 silly getCurrentBranch
7 verbose currentBranch main
8 silly remoteBranchExists
9 silly isBehindUpstream
10 silly isBehindUpstream main is behind origin/main by 0 commit(s) and ahead by 2
11 silly hasTags
12 verbose hasTags false
13 info Assuming all packages changed
14 verbose updated @cloudinary/html
15 verbose updated @cloudinary/react
16 verbose git-describe undefined => "608b308"
17 silly git-describe parsed => {"refCount":"3","sha":"608b308","isDirty":false}
18 info execute Skipping releases
19 silly lifecycle No script for "preversion" in "root", continuing
20 silly lifecycle No script for "preversion" in "@cloudinary/html", continuing
21 silly lifecycle No script for "version" in "@cloudinary/html", continuing
22 silly lifecycle No script for "preversion" in "@cloudinary/react", continuing
23 silly lifecycle No script for "version" in "@cloudinary/react", continuing
24 silly lifecycle No script for "version" in "root", continuing
25 silly gitAdd [
25 silly gitAdd   'packages/html/package.json',
25 silly gitAdd   'packages/html/package-lock.json',
25 silly gitAdd   'packages/react/package.json',
25 silly gitAdd   'lerna.json'
25 silly gitAdd ]
26 error Error: Command failed with exit code 1: git add -- packages/html/package.json packages/html/package-lock.json packages/react/package.json lerna.json
26 error The following paths are ignored by one of your .gitignore files:
26 error packages/html/package-lock.json
26 error Use -f if you really want to add them.
26 error     at makeError (/Users/rayastraus/samples/lerna-poc/node_modules/@lerna/child-process/node_modules/execa/lib/error.js:60:11)
26 error     at handlePromise (/Users/rayastraus/samples/lerna-poc/node_modules/@lerna/child-process/node_modules/execa/index.js:118:26)
26 error     at processTicksAndRejections (internal/process/task_queues.js:97:5)
26 error     at async Promise.all (index 0)
